<?xml version="1.0" encoding="UTF-8"?>
<!-- Generated by org.testng.reporters.JUnitReportReporter -->
<testsuite skipped="0" hostname="CS-PROJ-T540-96" name="com.crm.qa.testcases.LoginPageTest" tests="3" failures="0" timestamp="27 May 2019 23:46:04 GMT" time="15.699" errors="0">
  <testcase name="loginPageTitleTest" time="5.681" classname="com.crm.qa.testcases.LoginPageTest"/>
  <testcase name="crmLogoImageTest" time="4.261" classname="com.crm.qa.testcases.LoginPageTest"/>
  <testcase name="loginTest" time="5.757" classname="com.crm.qa.testcases.LoginPageTest"/>
</testsuite> <!-- com.crm.qa.testcases.LoginPageTest -->
