<?xml version="1.0" encoding="UTF-8"?>
<!-- Generated by org.testng.reporters.JUnitReportReporter -->
<testsuite skipped="0" hostname="CS-PROJ-T540-96" name="com.crm.qa.testcases.LoginPageTest" tests="3" failures="0" timestamp="28 May 2019 02:20:53 GMT" time="16.468" errors="0">
  <testcase name="loginPageTitleTest" time="3.905" classname="com.crm.qa.testcases.LoginPageTest"/>
  <testcase name="crmLogoImageTest" time="4.042" classname="com.crm.qa.testcases.LoginPageTest"/>
  <testcase name="loginTest" time="8.521" classname="com.crm.qa.testcases.LoginPageTest"/>
</testsuite> <!-- com.crm.qa.testcases.LoginPageTest -->
